- 0:0:0:0:0:0:0:1 - - [27/Apr/2019:00:04:31 +0800] "GET /swagger-ui.html HTTP/1.1" 304 - 0.058
- 0:0:0:0:0:0:0:1 - - [27/Apr/2019:00:04:31 +0800] "GET /swagger-resources/configuration/ui HTTP/1.1" 200 238 0.054
- 0:0:0:0:0:0:0:1 - - [27/Apr/2019:00:04:31 +0800] "GET /swagger-resources HTTP/1.1" 200 80 0.010
- 0:0:0:0:0:0:0:1 - - [27/Apr/2019:00:04:31 +0800] "GET /v2/api-docs HTTP/1.1" 200 4440 0.074
- 0:0:0:0:0:0:0:1 - - [27/Apr/2019:00:04:31 +0800] "GET /swagger-resources/configuration/security HTTP/1.1" 200 81 0.004
- 0:0:0:0:0:0:0:1 - - [27/Apr/2019:00:04:41 +0800] "POST /feedback/upload?userId=5 HTTP/1.1" 200 175 0.186
- 0:0:0:0:0:0:0:1 - - [27/Apr/2019:00:10:06 +0800] "GET /swagger-ui.html HTTP/1.1" 304 - 0.069
- 0:0:0:0:0:0:0:1 - - [27/Apr/2019:00:10:06 +0800] "GET /swagger-resources/configuration/ui HTTP/1.1" 200 238 0.057
- 0:0:0:0:0:0:0:1 - - [27/Apr/2019:00:10:06 +0800] "GET /swagger-resources HTTP/1.1" 200 80 0.008
- 0:0:0:0:0:0:0:1 - - [27/Apr/2019:00:10:07 +0800] "GET /v2/api-docs HTTP/1.1" 200 4440 0.096
- 0:0:0:0:0:0:0:1 - - [27/Apr/2019:00:10:07 +0800] "GET /swagger-resources/configuration/security HTTP/1.1" 200 81 0.005
- 0:0:0:0:0:0:0:1 - - [27/Apr/2019:00:10:28 +0800] "POST /feedback/upload?userId=3256 HTTP/1.1" 200 175 0.166
- 0:0:0:0:0:0:0:1 - - [27/Apr/2019:00:11:14 +0800] "POST /feedback/upload?userId=3256 HTTP/1.1" 200 175 0.297
- 0:0:0:0:0:0:0:1 - - [27/Apr/2019:00:11:45 +0800] "POST /feedback/getFeedbackDetail HTTP/1.1" 200 175 0.129
- 0:0:0:0:0:0:0:1 - - [27/Apr/2019:00:14:16 +0800] "POST /feedback/getFeedbackDetail HTTP/1.1" 200 77 0.444
- 0:0:0:0:0:0:0:1 - - [27/Apr/2019:00:14:27 +0800] "POST /feedback/getFeedbackDetail HTTP/1.1" 200 330 0.042
- 0:0:0:0:0:0:0:1 - - [27/Apr/2019:00:14:38 +0800] "POST /feedback/getFeedbackDetail HTTP/1.1" 200 77 0.021
- 0:0:0:0:0:0:0:1 - - [27/Apr/2019:00:14:44 +0800] "POST /feedback/upload?userId=3256 HTTP/1.1" 200 48 0.048
- 0:0:0:0:0:0:0:1 - - [27/Apr/2019:00:21:40 +0800] "GET /swagger-ui.html HTTP/1.1" 404 306 0.202
- 0:0:0:0:0:0:0:1 - - [27/Apr/2019:00:26:43 +0800] "GET /swagger-ui.html HTTP/1.1" 200 3246 0.180
- 0:0:0:0:0:0:0:1 - - [27/Apr/2019:00:26:44 +0800] "GET /swagger-resources/configuration/ui HTTP/1.1" 200 238 0.054
- 0:0:0:0:0:0:0:1 - - [27/Apr/2019:00:26:44 +0800] "GET /swagger-resources HTTP/1.1" 200 80 0.007
- 0:0:0:0:0:0:0:1 - - [27/Apr/2019:00:26:44 +0800] "GET /v2/api-docs HTTP/1.1" 200 4440 0.077
- 0:0:0:0:0:0:0:1 - - [27/Apr/2019:00:26:44 +0800] "GET /swagger-resources/configuration/security HTTP/1.1" 200 81 0.004
- 0:0:0:0:0:0:0:1 - - [27/Apr/2019:00:26:53 +0800] "POST /feedback/upload?userId=3256 HTTP/1.1" 200 48 0.106
